C:\Program Files\Microsoft Visual Studio\2022\Community\MSBuild\Microsoft\VC\v170\Microsoft.CppBuild.targets(514,5): warning MSB8028: El directorio intermedio (x64\Debug\) contiene archivos compartidos de otro proyecto (Pixel.vcxproj). Esto puede dar lugar a un comportamiento incorrecto de limpieza y recompilación.
  console.cpp
C:\Users\pzeadrian\Documents\Parcial3Pro\console.cpp(21,11): warning C4838: la conversión de 'unsigned __int64' en 'SHORT' requiere una conversión de restricción
C:\Users\pzeadrian\Documents\Parcial3Pro\console.cpp(23,2): warning C4267: 'inicializando': conversión de 'size_t' a 'SHORT'; posible pérdida de datos
C:\Users\pzeadrian\Documents\Parcial3Pro\console.cpp(25,33): warning C4838: la conversión de 'unsigned __int64' en 'SHORT' requiere una conversión de restricción
C:\Users\pzeadrian\Documents\Parcial3Pro\console.cpp(25,39): warning C4267: 'inicializando': conversión de 'size_t' a 'SHORT'; posible pérdida de datos
C:\Users\pzeadrian\Documents\Parcial3Pro\console.cpp(72,3): warning C4838: la conversión de 'int' en 'SHORT' requiere una conversión de restricción
C:\Users\pzeadrian\Documents\Parcial3Pro\console.cpp(73,3): warning C4838: la conversión de 'int' en 'SHORT' requiere una conversión de restricción
C:\Users\pzeadrian\Documents\Parcial3Pro\console.cpp(74,5): warning C4838: la conversión de 'int' en 'SHORT' requiere una conversión de restricción
C:\Users\pzeadrian\Documents\Parcial3Pro\console.cpp(75,5): warning C4838: la conversión de 'int' en 'SHORT' requiere una conversión de restricción
C:\Users\pzeadrian\Documents\Parcial3Pro\console.cpp(77,24): warning C4838: la conversión de 'int' en 'SHORT' requiere una conversión de restricción
C:\Users\pzeadrian\Documents\Parcial3Pro\console.cpp(77,31): warning C4838: la conversión de 'int' en 'SHORT' requiere una conversión de restricción
C:\Users\pzeadrian\Documents\Parcial3Pro\console.cpp(99,17): warning C4838: la conversión de 'int' en 'SHORT' requiere una conversión de restricción
C:\Users\pzeadrian\Documents\Parcial3Pro\console.cpp(99,26): warning C4838: la conversión de 'int' en 'SHORT' requiere una conversión de restricción
  main.cpp
C:\Users\pzeadrian\Documents\Parcial3Pro\Tools.h(105,45): warning C4554: "&": compruebe la prioridad de operador para posibles errores; utilice paréntesis para indicar la prioridad
C:\Users\pzeadrian\Documents\Parcial3Pro\Tools.h(121,17): warning C4244: '=': conversión de 'LONG' a 'SHORT'; posible pérdida de datos
C:\Users\pzeadrian\Documents\Parcial3Pro\Tools.h(122,17): warning C4244: '=': conversión de 'LONG' a 'SHORT'; posible pérdida de datos
C:\Users\pzeadrian\Documents\Parcial3Pro\Tools.h(148,17): warning C4244: '=': conversión de 'LONG' a 'SHORT'; posible pérdida de datos
C:\Users\pzeadrian\Documents\Parcial3Pro\Tools.h(149,17): warning C4244: '=': conversión de 'LONG' a 'SHORT'; posible pérdida de datos
C:\Users\pzeadrian\Documents\Parcial3Pro\Voice.h(17,19): warning C4129: ' ': secuencia de escape de carácter no reconocida
C:\Users\pzeadrian\Documents\Parcial3Pro\Voice.h(22,20): warning C4129: ' ': secuencia de escape de carácter no reconocida
C:\Users\pzeadrian\Documents\Parcial3Pro\BinaryTree.h(181,46): warning C4267: 'inicializando': conversión de 'size_t' a 'int'; posible pérdida de datos
C:\Users\pzeadrian\Documents\Parcial3Pro\BinaryTree.h(215,46): warning C4267: 'inicializando': conversión de 'size_t' a 'int'; posible pérdida de datos
  marquee.cpp
  Generando código...
C:\Users\pzeadrian\Documents\Parcial3Pro\Tools.h(137): warning C4715: 'Tools::GetConsoleCursorPosition': no todas las rutas de acceso de control devuelven un valor
C:\Users\pzeadrian\Documents\Parcial3Pro\BinaryTree.h(299): warning C4715: 'BinaryTree::minimum': no todas las rutas de acceso de control devuelven un valor
  Pixel.vcxproj -> C:\Users\pzeadrian\Documents\Parcial3Pro\x64\Debug\Parcial3Pro.exe
